<?xml version="1.0" encoding="UTF-8"?>
<!-- Generated by org.testng.reporters.JUnitXMLReporter -->
<testsuite ignored="2" hostname="BINTERNS-QA31L" failures="0" tests="35" name="Test" time="142.817" errors="0" timestamp="2023-05-04T17:27:35 IST">
  <testcase classname="Netmeds_Test.Netmeds_Test_1" name="Logo_Visibility" time="2.054"/>
  <testcase classname="Netmeds_Test.Netmeds_Test_1" name="Search" time="8.881"/>
  <testcase classname="Netmeds_Test.Netmeds_Test_1" name="Medicine" time="10.022"/>
  <testcase classname="Netmeds_Test.Netmeds_Test_1" name="Wellness_Ayush" time="8.389"/>
  <testcase classname="Netmeds_Test.Netmeds_Test_1" name="Wellness_CovidEssentials" time="1.319"/>
  <testcase classname="Netmeds_Test.Netmeds_Test_1" name="Wellness_Devices" time="3.513"/>
  <testcase classname="Netmeds_Test.Netmeds_Test_1" name="Wellness_Diabetes_Support" time="4.154"/>
  <testcase classname="Netmeds_Test.Netmeds_Test_1" name="Wellness_Eyewear" time="3.341"/>
  <testcase classname="Netmeds_Test.Netmeds_Test_1" name="Wellness_Fitness" time="5.37"/>
  <testcase classname="Netmeds_Test.Netmeds_Test_1" name="Wellness_Health_Conditions" time="5.404"/>
  <testcase classname="Netmeds_Test.Netmeds_Test_2" name="Lab_Tests" time="3.271"/>
  <testcase classname="Netmeds_Test.Netmeds_Test_2" name="Health_packages" time="4.556"/>
  <testcase classname="Netmeds_Test.Netmeds_Test_2" name="Beauty_Fragrances" time="5.421"/>
  <testcase classname="Netmeds_Test.Netmeds_Test_2" name="Beauty_Hair" time="5.242"/>
  <testcase classname="Netmeds_Test.Netmeds_Test_2" name="Beauty_Makeup" time="5.278"/>
  <testcase classname="Netmeds_Test.Netmeds_Test_2" name="Beauty_MomBaby" time="5.4"/>
  <testcase classname="Netmeds_Test.Netmeds_Test_2" name="Beauty_PersonalCare" time="5.497"/>
  <testcase classname="Netmeds_Test.Netmeds_Test_2" name="Beauty_SkinCare" time="5.335"/>
  <testcase classname="Netmeds_Test.Netmeds_Test_2" name="Beauty_Tools" time="5.279"/>
  <testcase classname="Netmeds_Test.Netmeds_Test_2" name="Health_Corner_HealthLibrary" time="4.087"/>
  <testcase classname="Netmeds_Test.Netmeds_Test_2" name="Health_Library" time="0.043"/>
  <testcase classname="Netmeds_Test.Netmeds_Test_2" name="Patients_alike" time="2.593"/>
  <testcase classname="Netmeds_Test.Netmeds_Test_2" name="CoronaAwarenes" time="1.404"/>
  <testcase classname="Netmeds_Test.Netmeds_Test_2" name="Offers" time="0.695"/>
  <testcase classname="Netmeds_Test.Netmeds_Test_2" name="Select_Offer" time="3.251"/>
  <testcase classname="Netmeds_Test.Netmeds_Test_2" name="View_Offer" time="0.151"/>
  <testcase classname="Netmeds_Test.Netmeds_Test_2" name="Count_Offers" time="3.38"/>
  <testcase classname="Netmeds_Test.Netmeds_Test_2" name="Add_to_Cart" time="3.171"/>
  <testcase classname="Netmeds_Test.Netmeds_Test_2" name="Count_Items" time="2.035"/>
  <testcase classname="Netmeds_Test.Netmeds_Test_2" name="Item_Info" time="2.049"/>
  <testcase classname="Netmeds_Test.Netmeds_Test_2" name="Add_Item" time="2.906"/>
  <testcase classname="Netmeds_Test.Netmeds_Test_2" name="Order_Count" time="0.686"/>
  <testcase classname="Netmeds_Test.Netmeds_Test_2" name="Order_Summary" time="0.029"/>
  <testcase classname="Netmeds_Test.Netmeds_Test_2" name="Cart" time="3.52"/>
  <testcase classname="Netmeds_Test.Netmeds_Test_2" name="Cart_Product" time="0.061"/>
  <testcase classname="Netmeds_Test.Netmeds_Test_1" name="Buy_Again" time="0.0">
    <ignored/>
  </testcase> <!-- Buy_Again -->
  <testcase classname="Netmeds_Test.Netmeds_Test_1" name="Sign_In" time="0.0">
    <ignored/>
  </testcase> <!-- Sign_In -->
</testsuite> <!-- Test -->
