<?xml version="1.0" encoding="UTF-8"?>
<testng-results ignored="2" total="28" passed="26" failed="0" skipped="0">
  <reporter-output>
  </reporter-output>
  <suite started-at="2023-05-10T15:18:08 IST" name="Default suite" finished-at="2023-05-10T15:20:26 IST" duration-ms="138176">
    <groups>
    </groups>
    <test started-at="2023-05-10T15:18:08 IST" name="Default test" finished-at="2023-05-10T15:20:26 IST" duration-ms="138176">
      <class name="Netmeds_Test.Netmeds_Test_1">
        <test-method is-config="true" signature="launchWebsite()[pri:0, instance:Netmeds_Test.Netmeds_Test_1@74d1dc36]" started-at="2023-05-10T15:18:08 IST" name="launchWebsite" finished-at="2023-05-10T15:18:14 IST" duration-ms="5802" status="PASS">
          <reporter-output>
          </reporter-output>
        </test-method> <!-- launchWebsite -->
        <test-method signature="Logo_Visibility()[pri:1, instance:Netmeds_Test.Netmeds_Test_1@74d1dc36]" started-at="2023-05-10T15:18:14 IST" name="Logo_Visibility" finished-at="2023-05-10T15:18:16 IST" duration-ms="2071" status="PASS">
          <reporter-output>
          </reporter-output>
        </test-method> <!-- Logo_Visibility -->
        <test-method signature="Search()[pri:3, instance:Netmeds_Test.Netmeds_Test_1@74d1dc36]" started-at="2023-05-10T15:18:16 IST" name="Search" finished-at="2023-05-10T15:18:26 IST" duration-ms="10073" status="PASS">
          <reporter-output>
          </reporter-output>
        </test-method> <!-- Search -->
        <test-method signature="Medicine()[pri:4, instance:Netmeds_Test.Netmeds_Test_1@74d1dc36]" started-at="2023-05-10T15:18:26 IST" name="Medicine" finished-at="2023-05-10T15:18:49 IST" duration-ms="22443" status="PASS">
          <reporter-output>
          </reporter-output>
        </test-method> <!-- Medicine -->
        <test-method signature="Wellness_Ayush()[pri:6, instance:Netmeds_Test.Netmeds_Test_1@74d1dc36]" started-at="2023-05-10T15:18:49 IST" name="Wellness_Ayush" finished-at="2023-05-10T15:18:57 IST" duration-ms="8574" status="PASS">
          <reporter-output>
          </reporter-output>
        </test-method> <!-- Wellness_Ayush -->
        <test-method signature="Wellness_CovidEssentials()[pri:7, instance:Netmeds_Test.Netmeds_Test_1@74d1dc36]" started-at="2023-05-10T15:18:57 IST" name="Wellness_CovidEssentials" finished-at="2023-05-10T15:18:58 IST" duration-ms="306" status="PASS">
          <reporter-output>
          </reporter-output>
        </test-method> <!-- Wellness_CovidEssentials -->
        <test-method signature="Wellness_Devices()[pri:8, instance:Netmeds_Test.Netmeds_Test_1@74d1dc36]" started-at="2023-05-10T15:18:58 IST" name="Wellness_Devices" finished-at="2023-05-10T15:19:03 IST" duration-ms="5483" status="PASS">
          <reporter-output>
          </reporter-output>
        </test-method> <!-- Wellness_Devices -->
        <test-method signature="Wellness_Diabetes_Support()[pri:9, instance:Netmeds_Test.Netmeds_Test_1@74d1dc36]" started-at="2023-05-10T15:19:03 IST" name="Wellness_Diabetes_Support" finished-at="2023-05-10T15:19:07 IST" duration-ms="4178" status="PASS">
          <reporter-output>
          </reporter-output>
        </test-method> <!-- Wellness_Diabetes_Support -->
        <test-method signature="Wellness_Eyewear()[pri:10, instance:Netmeds_Test.Netmeds_Test_1@74d1dc36]" started-at="2023-05-10T15:19:07 IST" name="Wellness_Eyewear" finished-at="2023-05-10T15:19:11 IST" duration-ms="4268" status="PASS">
          <reporter-output>
          </reporter-output>
        </test-method> <!-- Wellness_Eyewear -->
        <test-method signature="Wellness_Fitness()[pri:11, instance:Netmeds_Test.Netmeds_Test_1@74d1dc36]" started-at="2023-05-10T15:19:11 IST" name="Wellness_Fitness" finished-at="2023-05-10T15:19:21 IST" duration-ms="9248" status="PASS">
          <reporter-output>
          </reporter-output>
        </test-method> <!-- Wellness_Fitness -->
        <test-method signature="Wellness_Health_Conditions()[pri:12, instance:Netmeds_Test.Netmeds_Test_1@74d1dc36]" started-at="2023-05-10T15:19:21 IST" name="Wellness_Health_Conditions" finished-at="2023-05-10T15:19:28 IST" duration-ms="7700" status="PASS">
          <reporter-output>
          </reporter-output>
        </test-method> <!-- Wellness_Health_Conditions -->
        <test-method signature="Navigation_Section()[pri:13, instance:Netmeds_Test.Netmeds_Test_1@74d1dc36]" started-at="2023-05-10T15:19:28 IST" name="Navigation_Section" finished-at="2023-05-10T15:19:29 IST" duration-ms="74" status="PASS">
          <reporter-output>
          </reporter-output>
        </test-method> <!-- Navigation_Section -->
        <test-method signature="COVID_Essentials()[pri:14, instance:Netmeds_Test.Netmeds_Test_1@74d1dc36]" started-at="2023-05-10T15:19:29 IST" name="COVID_Essentials" finished-at="2023-05-10T15:19:35 IST" duration-ms="6286" status="PASS">
          <reporter-output>
          </reporter-output>
        </test-method> <!-- COVID_Essentials -->
        <test-method signature="Diabetes()[pri:15, instance:Netmeds_Test.Netmeds_Test_1@74d1dc36]" started-at="2023-05-10T15:19:35 IST" name="Diabetes" finished-at="2023-05-10T15:19:41 IST" duration-ms="6275" status="PASS">
          <reporter-output>
          </reporter-output>
        </test-method> <!-- Diabetes -->
        <test-method signature="Veterinary()[pri:16, instance:Netmeds_Test.Netmeds_Test_1@74d1dc36]" started-at="2023-05-10T15:19:41 IST" name="Veterinary" finished-at="2023-05-10T15:19:49 IST" duration-ms="7528" status="PASS">
          <reporter-output>
          </reporter-output>
        </test-method> <!-- Veterinary -->
        <test-method signature="Homeopathy()[pri:17, instance:Netmeds_Test.Netmeds_Test_1@74d1dc36]" started-at="2023-05-10T15:19:49 IST" name="Homeopathy" finished-at="2023-05-10T15:20:05 IST" duration-ms="16564" status="PASS">
          <reporter-output>
          </reporter-output>
        </test-method> <!-- Homeopathy -->
        <test-method signature="Devices()[pri:18, instance:Netmeds_Test.Netmeds_Test_1@74d1dc36]" started-at="2023-05-10T15:20:05 IST" name="Devices" finished-at="2023-05-10T15:20:12 IST" duration-ms="6493" status="PASS">
          <reporter-output>
          </reporter-output>
        </test-method> <!-- Devices -->
        <test-method signature="Next_Slider_Ad()[pri:19, instance:Netmeds_Test.Netmeds_Test_1@74d1dc36]" started-at="2023-05-10T15:20:12 IST" name="Next_Slider_Ad" finished-at="2023-05-10T15:20:12 IST" duration-ms="133" status="PASS">
          <reporter-output>
          </reporter-output>
        </test-method> <!-- Next_Slider_Ad -->
        <test-method signature="Previous_Slider_Ad()[pri:20, instance:Netmeds_Test.Netmeds_Test_1@74d1dc36]" started-at="2023-05-10T15:20:12 IST" name="Previous_Slider_Ad" finished-at="2023-05-10T15:20:15 IST" duration-ms="3096" status="PASS">
          <reporter-output>
          </reporter-output>
        </test-method> <!-- Previous_Slider_Ad -->
        <test-method signature="Payment_Partner_Offers()[pri:21, instance:Netmeds_Test.Netmeds_Test_1@74d1dc36]" started-at="2023-05-10T15:20:15 IST" name="Payment_Partner_Offers" finished-at="2023-05-10T15:20:17 IST" duration-ms="2059" status="PASS">
          <reporter-output>
          </reporter-output>
        </test-method> <!-- Payment_Partner_Offers -->
        <test-method signature="Netmeds_Stores()[pri:22, instance:Netmeds_Test.Netmeds_Test_1@74d1dc36]" started-at="2023-05-10T15:20:17 IST" name="Netmeds_Stores" finished-at="2023-05-10T15:20:22 IST" duration-ms="4827" status="PASS">
          <reporter-output>
          </reporter-output>
        </test-method> <!-- Netmeds_Stores -->
        <test-method signature="Stores_Map()[pri:23, instance:Netmeds_Test.Netmeds_Test_1@74d1dc36]" started-at="2023-05-10T15:20:22 IST" name="Stores_Map" finished-at="2023-05-10T15:20:24 IST" depends-on-methods="Netmeds_Test.Netmeds_Test_1.Netmeds_Stores" duration-ms="2046" status="PASS">
          <reporter-output>
          </reporter-output>
        </test-method> <!-- Stores_Map -->
        <test-method signature="Change_Pincode()[pri:24, instance:Netmeds_Test.Netmeds_Test_1@74d1dc36]" started-at="2023-05-10T15:20:24 IST" name="Change_Pincode" finished-at="2023-05-10T15:20:26 IST" depends-on-methods="Netmeds_Test.Netmeds_Test_1.Netmeds_Stores" duration-ms="2125" status="PASS">
          <reporter-output>
          </reporter-output>
        </test-method> <!-- Change_Pincode -->
        <test-method signature="Location_Info()[pri:25, instance:Netmeds_Test.Netmeds_Test_1@74d1dc36]" started-at="2023-05-10T15:20:26 IST" name="Location_Info" finished-at="2023-05-10T15:20:26 IST" depends-on-methods="Netmeds_Test.Netmeds_Test_1.Netmeds_Stores" duration-ms="45" status="PASS">
          <reporter-output>
          </reporter-output>
        </test-method> <!-- Location_Info -->
        <test-method signature="Stores_Count()[pri:26, instance:Netmeds_Test.Netmeds_Test_1@74d1dc36]" started-at="2023-05-10T15:20:26 IST" name="Stores_Count" finished-at="2023-05-10T15:20:26 IST" depends-on-methods="Netmeds_Test.Netmeds_Test_1.Netmeds_Stores" duration-ms="35" status="PASS">
          <reporter-output>
          </reporter-output>
        </test-method> <!-- Stores_Count -->
        <test-method signature="Stores_List()[pri:27, instance:Netmeds_Test.Netmeds_Test_1@74d1dc36]" started-at="2023-05-10T15:20:26 IST" name="Stores_List" finished-at="2023-05-10T15:20:26 IST" depends-on-methods="Netmeds_Test.Netmeds_Test_1.Netmeds_Stores" duration-ms="31" status="PASS">
          <reporter-output>
          </reporter-output>
        </test-method> <!-- Stores_List -->
        <test-method signature="Bottom_Footer()[pri:28, instance:Netmeds_Test.Netmeds_Test_1@74d1dc36]" started-at="2023-05-10T15:20:26 IST" name="Bottom_Footer" finished-at="2023-05-10T15:20:26 IST" depends-on-methods="Netmeds_Test.Netmeds_Test_1.Netmeds_Stores" duration-ms="30" status="PASS">
          <reporter-output>
          </reporter-output>
        </test-method> <!-- Bottom_Footer -->
        <test-method is-config="true" signature="terminate()[pri:0, instance:Netmeds_Test.Netmeds_Test_1@74d1dc36]" started-at="2023-05-10T15:20:26 IST" name="terminate" finished-at="2023-05-10T15:20:26 IST" duration-ms="308" status="PASS">
          <reporter-output>
          </reporter-output>
        </test-method> <!-- terminate -->
      </class> <!-- Netmeds_Test.Netmeds_Test_1 -->
    </test> <!-- Default test -->
  </suite> <!-- Default suite -->
</testng-results>
