<?xml version="1.0" encoding="UTF-8"?>
<!-- Generated by org.testng.reporters.JUnitXMLReporter -->
<testsuite ignored="0" hostname="BINTERNS-QA31L" failures="0" tests="34" name="Surefire test" time="111.535" errors="0" timestamp="2023-05-10T15:05:44 IST">
  <testcase classname="Netmeds_Test.Netmeds_Test_2" name="Lab_Tests" time="3.131"/>
  <testcase classname="Netmeds_Test.Netmeds_Test_2" name="Health_packages1" time="4.284"/>
  <testcase classname="Netmeds_Test.Netmeds_Test_2" name="Health_packages2" time="2.149"/>
  <testcase classname="Netmeds_Test.Netmeds_Test_2" name="Health_packages3" time="2.283"/>
  <testcase classname="Netmeds_Test.Netmeds_Test_2" name="Beauty_Fragrances" time="7.181"/>
  <testcase classname="Netmeds_Test.Netmeds_Test_2" name="Beauty_Hair" time="8.63"/>
  <testcase classname="Netmeds_Test.Netmeds_Test_2" name="Beauty_Makeup" time="6.462"/>
  <testcase classname="Netmeds_Test.Netmeds_Test_2" name="Beauty_MomBaby" time="5.619"/>
  <testcase classname="Netmeds_Test.Netmeds_Test_2" name="Beauty_PersonalCare" time="8.912"/>
  <testcase classname="Netmeds_Test.Netmeds_Test_2" name="Beauty_SkinCare" time="15.54"/>
  <testcase classname="Netmeds_Test.Netmeds_Test_2" name="Beauty_Tools" time="5.888"/>
  <testcase classname="Netmeds_Test.Netmeds_Test_2" name="Health_Corner_HealthLibrary" time="4.469"/>
  <testcase classname="Netmeds_Test.Netmeds_Test_2" name="Health_Library" time="0.032"/>
  <testcase classname="Netmeds_Test.Netmeds_Test_2" name="Patients_alike" time="2.387"/>
  <testcase classname="Netmeds_Test.Netmeds_Test_2" name="CoronaAwarenes" time="2.165"/>
  <testcase classname="Netmeds_Test.Netmeds_Test_2" name="Offers" time="1.041"/>
  <testcase classname="Netmeds_Test.Netmeds_Test_2" name="Select_Offer" time="2.866"/>
  <testcase classname="Netmeds_Test.Netmeds_Test_2" name="View_Offer" time="0.146"/>
  <testcase classname="Netmeds_Test.Netmeds_Test_2" name="Count_Offers" time="2.841"/>
  <testcase classname="Netmeds_Test.Netmeds_Test_2" name="Add_to_Cart" time="3.412"/>
  <testcase classname="Netmeds_Test.Netmeds_Test_2" name="Count_Items" time="2.049"/>
  <testcase classname="Netmeds_Test.Netmeds_Test_2" name="Item_Info" time="2.054"/>
  <testcase classname="Netmeds_Test.Netmeds_Test_2" name="Add_Item" time="2.866"/>
  <testcase classname="Netmeds_Test.Netmeds_Test_2" name="Order_Count" time="0.627"/>
  <testcase classname="Netmeds_Test.Netmeds_Test_2" name="Order_Summary" time="0.031"/>
  <testcase classname="Netmeds_Test.Netmeds_Test_2" name="Cart" time="3.205"/>
  <testcase classname="Netmeds_Test.Netmeds_Test_2" name="Cart_Product" time="0.064"/>
  <testcase classname="Netmeds_Test.Netmeds_Test_2" name="Apply_PromoCode" time="0.069"/>
  <testcase classname="Netmeds_Test.Netmeds_Test_2" name="Coupon_List" time="0.052"/>
  <testcase classname="Netmeds_Test.Netmeds_Test_2" name="Sel_Coupon" time="0.059"/>
  <testcase classname="Netmeds_Test.Netmeds_Test_2" name="Payment_Details" time="0.072"/>
  <testcase classname="Netmeds_Test.Netmeds_Test_2" name="Proceed" time="0.151"/>
  <testcase classname="Netmeds_Test.Netmeds_Test_2" name="Delivery_Status" time="2.082"/>
  <testcase classname="Netmeds_Test.Netmeds_Test_2" name="Remove_Product" time="3.184"/>
</testsuite> <!-- Surefire test -->
