<?xml version="1.0" encoding="UTF-8"?>
<!-- Generated by org.testng.reporters.JUnitXMLReporter -->
<testsuite ignored="2" hostname="BINTERNS-QA31L" failures="0" tests="26" name="Default test" time="138.176" errors="0" timestamp="2023-05-10T15:20:26 IST">
  <testcase classname="Netmeds_Test.Netmeds_Test_1" name="Logo_Visibility" time="2.071"/>
  <testcase classname="Netmeds_Test.Netmeds_Test_1" name="Search" time="10.073"/>
  <testcase classname="Netmeds_Test.Netmeds_Test_1" name="Medicine" time="22.443"/>
  <testcase classname="Netmeds_Test.Netmeds_Test_1" name="Wellness_Ayush" time="8.574"/>
  <testcase classname="Netmeds_Test.Netmeds_Test_1" name="Wellness_CovidEssentials" time="0.306"/>
  <testcase classname="Netmeds_Test.Netmeds_Test_1" name="Wellness_Devices" time="5.483"/>
  <testcase classname="Netmeds_Test.Netmeds_Test_1" name="Wellness_Diabetes_Support" time="4.178"/>
  <testcase classname="Netmeds_Test.Netmeds_Test_1" name="Wellness_Eyewear" time="4.268"/>
  <testcase classname="Netmeds_Test.Netmeds_Test_1" name="Wellness_Fitness" time="9.248"/>
  <testcase classname="Netmeds_Test.Netmeds_Test_1" name="Wellness_Health_Conditions" time="7.7"/>
  <testcase classname="Netmeds_Test.Netmeds_Test_1" name="Navigation_Section" time="0.074"/>
  <testcase classname="Netmeds_Test.Netmeds_Test_1" name="COVID_Essentials" time="6.286"/>
  <testcase classname="Netmeds_Test.Netmeds_Test_1" name="Diabetes" time="6.275"/>
  <testcase classname="Netmeds_Test.Netmeds_Test_1" name="Veterinary" time="7.528"/>
  <testcase classname="Netmeds_Test.Netmeds_Test_1" name="Homeopathy" time="16.564"/>
  <testcase classname="Netmeds_Test.Netmeds_Test_1" name="Devices" time="6.493"/>
  <testcase classname="Netmeds_Test.Netmeds_Test_1" name="Next_Slider_Ad" time="0.133"/>
  <testcase classname="Netmeds_Test.Netmeds_Test_1" name="Previous_Slider_Ad" time="3.096"/>
  <testcase classname="Netmeds_Test.Netmeds_Test_1" name="Payment_Partner_Offers" time="2.059"/>
  <testcase classname="Netmeds_Test.Netmeds_Test_1" name="Netmeds_Stores" time="4.827"/>
  <testcase classname="Netmeds_Test.Netmeds_Test_1" name="Stores_Map" time="2.046"/>
  <testcase classname="Netmeds_Test.Netmeds_Test_1" name="Change_Pincode" time="2.125"/>
  <testcase classname="Netmeds_Test.Netmeds_Test_1" name="Location_Info" time="0.045"/>
  <testcase classname="Netmeds_Test.Netmeds_Test_1" name="Stores_Count" time="0.035"/>
  <testcase classname="Netmeds_Test.Netmeds_Test_1" name="Stores_List" time="0.031"/>
  <testcase classname="Netmeds_Test.Netmeds_Test_1" name="Bottom_Footer" time="0.03"/>
  <testcase classname="Netmeds_Test.Netmeds_Test_1" name="Buy_Again" time="0.0">
    <ignored/>
  </testcase> <!-- Buy_Again -->
  <testcase classname="Netmeds_Test.Netmeds_Test_1" name="Sign_In" time="0.0">
    <ignored/>
  </testcase> <!-- Sign_In -->
</testsuite> <!-- Default test -->
