<?xml version="1.0" encoding="UTF-8"?>
<!-- Generated by org.testng.reporters.JUnitXMLReporter -->
<testsuite ignored="0" hostname="BINTERNS-QA31L" failures="0" tests="25" name="Default test" time="92.272" errors="0" timestamp="2023-05-04T16:48:56 IST">
  <testcase classname="Netmeds_Test.Netmeds_Test_2" name="Lab_Tests" time="3.199"/>
  <testcase classname="Netmeds_Test.Netmeds_Test_2" name="Health_packages" time="4.685"/>
  <testcase classname="Netmeds_Test.Netmeds_Test_2" name="Beauty_Fragrances" time="6.139"/>
  <testcase classname="Netmeds_Test.Netmeds_Test_2" name="Beauty_Hair" time="6.295"/>
  <testcase classname="Netmeds_Test.Netmeds_Test_2" name="Beauty_Makeup" time="6.84"/>
  <testcase classname="Netmeds_Test.Netmeds_Test_2" name="Beauty_MomBaby" time="5.27"/>
  <testcase classname="Netmeds_Test.Netmeds_Test_2" name="Beauty_PersonalCare" time="6.495"/>
  <testcase classname="Netmeds_Test.Netmeds_Test_2" name="Beauty_SkinCare" time="6.372"/>
  <testcase classname="Netmeds_Test.Netmeds_Test_2" name="Beauty_Tools" time="5.948"/>
  <testcase classname="Netmeds_Test.Netmeds_Test_2" name="Health_Corner_HealthLibrary" time="4.88"/>
  <testcase classname="Netmeds_Test.Netmeds_Test_2" name="Health_Library" time="0.059"/>
  <testcase classname="Netmeds_Test.Netmeds_Test_2" name="Patients_alike" time="2.433"/>
  <testcase classname="Netmeds_Test.Netmeds_Test_2" name="CoronaAwarenes" time="2.453"/>
  <testcase classname="Netmeds_Test.Netmeds_Test_2" name="Offers" time="1.06"/>
  <testcase classname="Netmeds_Test.Netmeds_Test_2" name="Select_Offer" time="2.973"/>
  <testcase classname="Netmeds_Test.Netmeds_Test_2" name="View_Offer" time="0.158"/>
  <testcase classname="Netmeds_Test.Netmeds_Test_2" name="Count_Offers" time="2.977"/>
  <testcase classname="Netmeds_Test.Netmeds_Test_2" name="Add_to_Cart" time="3.636"/>
  <testcase classname="Netmeds_Test.Netmeds_Test_2" name="Count_Items" time="2.047"/>
  <testcase classname="Netmeds_Test.Netmeds_Test_2" name="Item_Info" time="2.065"/>
  <testcase classname="Netmeds_Test.Netmeds_Test_2" name="Add_Item" time="2.761"/>
  <testcase classname="Netmeds_Test.Netmeds_Test_2" name="Order_Count" time="0.646"/>
  <testcase classname="Netmeds_Test.Netmeds_Test_2" name="Order_Summary" time="0.035"/>
  <testcase classname="Netmeds_Test.Netmeds_Test_2" name="Cart" time="3.331"/>
  <testcase classname="Netmeds_Test.Netmeds_Test_2" name="Cart_Product" time="0.075"/>
</testsuite> <!-- Default test -->
