<?xml version="1.0" encoding="UTF-8"?>
<testsuite xmlns:xsi="http://www.w3.org/2001/XMLSchema-instance" xsi:noNamespaceSchemaLocation="https://maven.apache.org/surefire/maven-surefire-plugin/xsd/surefire-test-report-3.0.xsd" version="3.0" name="Netmeds_Test.Netmeds_Test_2" time="111.962" tests="34" errors="0" skipped="0" failures="0">
  <properties>
[...]
</properties>
  <testcase name="Lab_Tests" classname="Netmeds_Test.Netmeds_Test_2" time="3.123">
    <system-out><![CDATA[---Netmeds Lab Tests Page is invoked----

]]></system-out>
    <system-err><![CDATA[SLF4J: No SLF4J providers were found.
SLF4J: Defaulting to no-operation (NOP) logger implementation
SLF4J: See https://www.slf4j.org/codes.html#noProviders for further details.
log4j:WARN No appenders could be found for logger (io.netty.util.internal.logging.InternalLoggerFactory).
log4j:WARN Please initialize the log4j system properly.
log4j:WARN See http://logging.apache.org/log4j/1.2/faq.html#noconfig for more info.
Starting ChromeDriver 113.0.5672.63 (0e1a4471d5ae5bf128b1bd8f4d627c8cbd55f70c-refs/branch-heads/5672@{#912}) on port 40925
Only local connections are allowed.
Please see https://chromedriver.chromium.org/security-considerations for suggestions on keeping ChromeDriver safe.
ChromeDriver was started successfully.
May 10, 2023 3:03:54 PM org.openqa.selenium.devtools.CdpVersionFinder findNearestMatch
WARNING: Unable to find an exact match for CDP version 113, so returning the closest version found: 111
]]></system-err>
  </testcase>
  <testcase name="Health_packages1" classname="Netmeds_Test.Netmeds_Test_2" time="4.284"/>
  <testcase name="Health_packages2" classname="Netmeds_Test.Netmeds_Test_2" time="2.149"/>
  <testcase name="Health_packages3" classname="Netmeds_Test.Netmeds_Test_2" time="2.299">
    <system-out><![CDATA[---Test is booked---

]]></system-out>
  </testcase>
  <testcase name="Beauty_Fragrances" classname="Netmeds_Test.Netmeds_Test_2" time="7.181">
    <system-out><![CDATA[---Fragrances page is invoked---

]]></system-out>
  </testcase>
  <testcase name="Beauty_Hair" classname="Netmeds_Test.Netmeds_Test_2" time="8.631">
    <system-out><![CDATA[---Hair page of beauty module is invoked---

]]></system-out>
  </testcase>
  <testcase name="Beauty_Makeup" classname="Netmeds_Test.Netmeds_Test_2" time="6.463">
    <system-out><![CDATA[---Makeup page of beauty module is invoked---

]]></system-out>
  </testcase>
  <testcase name="Beauty_MomBaby" classname="Netmeds_Test.Netmeds_Test_2" time="5.619">
    <system-out><![CDATA[---Mom & Baby page of beauty module is invoked---

]]></system-out>
  </testcase>
  <testcase name="Beauty_PersonalCare" classname="Netmeds_Test.Netmeds_Test_2" time="8.912">
    <system-out><![CDATA[---Personal Care page of beauty module is invoked---

]]></system-out>
  </testcase>
  <testcase name="Beauty_SkinCare" classname="Netmeds_Test.Netmeds_Test_2" time="15.539">
    <system-out><![CDATA[---Skin Care page of beauty module is invoked---

]]></system-out>
  </testcase>
  <testcase name="Beauty_Tools" classname="Netmeds_Test.Netmeds_Test_2" time="5.887">
    <system-out><![CDATA[---Tools & Appliances page of beauty module is invoked---

]]></system-out>
  </testcase>
  <testcase name="Health_Corner_HealthLibrary" classname="Netmeds_Test.Netmeds_Test_2" time="4.468"/>
  <testcase name="Health_Library" classname="Netmeds_Test.Netmeds_Test_2" time="0.032">
    <system-out><![CDATA[------
All
Ailments
Beauty & Fitness
Food
Wellness
In The News
Pet Care
Videos
Shatavari Guggul: Benefits, Uses, Formulations, Ingredients,..
Ayurveda is a 5000-year-old holistic form of healing practice that foretells us that the optimal functioning of the human body chiefly relies on the type of Dhatus, Gunas, Malas, Agni and Doshas they are made of. Depending upon the type of energy or ..
World Lupus Day 2023: Signific..
World Lupus Day is commemorated on May 10 worldwide every year to..
What Do High Creatinine Levels..
The kidneys are the primary filtration system of the body that he..
Saunf/Fennel Seeds: Nutrition,..
The secrets of health of our ancestors can be found in the humble..
What Are High-Carb Foods? Shou..
Carbohydrates are one of the macronutrients that are vital to a h..
]]></system-out>
  </testcase>
  <testcase name="Patients_alike" classname="Netmeds_Test.Netmeds_Test_2" time="2.387"/>
  <testcase name="CoronaAwarenes" classname="Netmeds_Test.Netmeds_Test_2" time="2.165">
    <system-out><![CDATA[---Corona Awareness page is invoked---

]]></system-out>
  </testcase>
  <testcase name="Offers" classname="Netmeds_Test.Netmeds_Test_2" time="1.041">
    <system-out><![CDATA[---Offer_Title---
Netmeds Coupons and Offers
]]></system-out>
  </testcase>
  <testcase name="Select_Offer" classname="Netmeds_Test.Netmeds_Test_2" time="2.866">
    <system-out><![CDATA[
--------
CASH100
Coupon Code
COPY CODE
Today only! Get Flat 18% OFF* (max. discount: Rs. 2000) on PrePaid/COD medicine orders & 100% NMS SuperCash* (max. cashback: Rs. 1000) on ‘PrePaid’ medicine orders. *Minimum order (along with ANY other products) required: Rs 1299. *T&C
]]></system-out>
  </testcase>
  <testcase name="View_Offer" classname="Netmeds_Test.Netmeds_Test_2" time="0.146">
    <system-out><![CDATA[
-----Terms & Conditions-----
Get Flat 18% OFF* On Medicines + 100% NMS SuperCash*
Today only! Get Flat 18% OFF* (max. discount: Rs. 2000) on PrePaid/COD medicine orders & 100% NMS SuperCash* (max. cashback: Rs. 1000) on ‘PrePaid’ medicine orders. *Minimum order (along with ANY other products) required: Rs 1299. *T&C
ELIGIBILITY
Offer valid for ALL Customers. The Coupon code CASH100 can be used multiple times during the offer period. Note: To qualify for 100% NMS SuperCash, your medicine order (pre-paid) MUST be worth a min. of Rs. 1299 or more AFTER the application of the CASH100 coupon discount.
HOW DO YOU GET IT?
Use code CASH100 @ shopping cart page & get Flat 18% OFF on medicines immediately. Upon order delivery, 100% NMS SuperCash (max cashback: Rs 1000) will be credited to NMS wallet (Cashback Valid: 60 days). The NMS SuperCash can be redeemed for max. 18% of total value of medicines in one transaction.
CONDITIONS IN CASE OF CANCELLATION
If your order is cancelled, this offer will become null and void.
Terms and Conditions
Offer Outline - Flat 18% OFF Medicines + 100% NMS SuperCash
Subject to the following Terms and Conditions, today only, ALL customers will be eligible to receive a Flat 18% discount (max. Rs. 2000) immediately on a ‘Pre-Paid/COD’ order of Medicines, PLUS a 100% NMS SuperCash/cashback (max. Rs. 1000) upon the delivery of ONLY ‘pre-paid’ medicine orders, placed on Netmeds.com/Netmeds App. NOTE: A minimum order of medicines (along with ANY other products) worth Rs. 1299 is required to be eligible for the Flat 18% discount on medicines and a 100% NMS SuperCash. The coupon code for this offer is CASH100, which can be used multiple times – today only.
]]></system-out>
  </testcase>
  <testcase name="Count_Offers" classname="Netmeds_Test.Netmeds_Test_2" time="2.841">
    <system-out><![CDATA[----Total number of Offers are: 6-----

]]></system-out>
  </testcase>
  <testcase name="Add_to_Cart" classname="Netmeds_Test.Netmeds_Test_2" time="3.412">
    <system-out><![CDATA[---Item Searched---

]]></system-out>
  </testcase>
  <testcase name="Count_Items" classname="Netmeds_Test.Netmeds_Test_2" time="2.049">
    <system-out><![CDATA[----Total number of Items are: 12-----

]]></system-out>
  </testcase>
  <testcase name="Item_Info" classname="Netmeds_Test.Netmeds_Test_2" time="2.054">
    <system-out><![CDATA[----Item Information----
9% OFF
Combiflam Icyhot Spray 35 gm
Treatments
Pain Relief Application
Mkt: Sanofi India Limited
Best price* ₹120.11
MRP Rs.131.99
ADD TO CART
]]></system-out>
  </testcase>
  <testcase name="Add_Item" classname="Netmeds_Test.Netmeds_Test_2" time="2.866"/>
  <testcase name="Order_Count" classname="Netmeds_Test.Netmeds_Test_2" time="0.627">
    <system-out><![CDATA[----Total number of Items are:----
2 item(s)
]]></system-out>
  </testcase>
  <testcase name="Order_Summary" classname="Netmeds_Test.Netmeds_Test_2" time="0.031">
    <system-out><![CDATA[----Order Summary----
ORDER SUMMARY
2 item(s)
COMBIFLAM Suspension 60ml
Rs.40.64x1
Combiflam Icyhot Spray 35 gm
Rs.120.11x1
Rs.160.75
You save Rs.11.88
PROCEED TO CART
]]></system-out>
  </testcase>
  <testcase name="Cart" classname="Netmeds_Test.Netmeds_Test_2" time="3.206"/>
  <testcase name="Cart_Product" classname="Netmeds_Test.Netmeds_Test_2" time="0.064">
    <system-out><![CDATA[Products in the cart:----
PRODUCTS
Combiflam Icyhot Spray 35 gm
Only 1 Left In Stock
Mfr: Sanofi India Limited
Remove
₹ 120.11
₹ 131.99Save ₹11.88
QTY:
1
Delivery between MAY 15-MAY 16
PRESCRIPTION ITEMS
Rx
COMBIFLAM Suspension 60ml
Mfr: Sanofi India Limited
Remove
₹ 40.64
QTY :
1
2
3
4
5
6
7
8
9
10
Delivery between MAY 11-MAY 12
ADD MORE ITEMS
]]></system-out>
  </testcase>
  <testcase name="Apply_PromoCode" classname="Netmeds_Test.Netmeds_Test_2" time="0.069">
    <system-out><![CDATA[
----PromoCode displayed---

]]></system-out>
  </testcase>
  <testcase name="Coupon_List" classname="Netmeds_Test.Netmeds_Test_2" time="0.052">
    <system-out><![CDATA[----Total number of coupons available are:----(301, 841)

CASH100
Get flat 18% off on meds + 100% NMS SuperCash on your meds order. Minimum order value: Rs. 1299.
NMSNEW
Flat 25% off on your first meds order + 25% cashback. Minimum order value Rs. 1249.
NMS18
Flat 18% off on your meds order + 20% NMS SuperCash. Minimum order value: Rs. 1499
NMS15
Get flat 15% off on meds + 30% NMS SuperCash on your meds order. Minimum order value: Rs. 699.
NMS10
Get flat 10% off on meds + 20% NMS SuperCash on your meds order. Minimum order value is Rs. 499
NMSNEW20
Get flat 20% off on meds + 20% NMS SuperCash on your First meds order. Minimum order value: 799
]]></system-out>
  </testcase>
  <testcase name="Sel_Coupon" classname="Netmeds_Test.Netmeds_Test_2" time="0.059">
    <system-out><![CDATA[----Coupon selected----

]]></system-out>
  </testcase>
  <testcase name="Payment_Details" classname="Netmeds_Test.Netmeds_Test_2" time="0.073">
    <system-out><![CDATA[------Payment Details-------
PAYMENT DETAILS
MRP Total
₹ 172.63
Additional Discount
- ₹ 11.88
Total Amount
₹ 160.75
Shipping/Delivery Charges
₹ 99.00
Add items worth ₹{amount} more on this order to get FREE delivery
Total Payable
₹ 259.75
Total Savings
₹ 11.88
Total Payable
₹ 259.75
PROCEED
]]></system-out>
  </testcase>
  <testcase name="Proceed" classname="Netmeds_Test.Netmeds_Test_2" time="0.151"/>
  <testcase name="Delivery_Status" classname="Netmeds_Test.Netmeds_Test_2" time="2.082">
    <system-out><![CDATA[---------
NETMEDS FIRST customers get extra ₹5.20 cashback on this order
Additional 2% NMS cash
max ₹100 on prepaid medicine
+ADD TO CART
Membership starting from ₹149 for 3 months
]]></system-out>
  </testcase>
  <testcase name="Remove_Product" classname="Netmeds_Test.Netmeds_Test_2" time="3.184">
    <system-out><![CDATA[---Number of products in the cart:---2
---Number of products remained in the cart:---1
]]></system-out>
  </testcase>
</testsuite>