<?xml version="1.0" encoding="UTF-8"?>
<!-- Generated by org.testng.reporters.JUnitXMLReporter -->
<testsuite ignored="0" hostname="BINTERNS-QA31L" failures="0" tests="60" name="Test" time="272.156" errors="0" timestamp="2023-05-08T15:21:39 IST">
  <testcase classname="Netmeds_Test.Netmeds_Test_1" name="Logo_Visibility" time="2.056"/>
  <testcase classname="Netmeds_Test.Netmeds_Test_1" name="Sign_In" time="35.507"/>
  <testcase classname="Netmeds_Test.Netmeds_Test_1" name="Search" time="9.964"/>
  <testcase classname="Netmeds_Test.Netmeds_Test_1" name="Medicine" time="14.078"/>
  <testcase classname="Netmeds_Test.Netmeds_Test_1" name="Buy_Again" time="11.589"/>
  <testcase classname="Netmeds_Test.Netmeds_Test_1" name="Wellness_Ayush" time="11.867"/>
  <testcase classname="Netmeds_Test.Netmeds_Test_1" name="Wellness_CovidEssentials" time="3.054"/>
  <testcase classname="Netmeds_Test.Netmeds_Test_1" name="Wellness_Devices" time="6.738"/>
  <testcase classname="Netmeds_Test.Netmeds_Test_1" name="Wellness_Diabetes_Support" time="7.741"/>
  <testcase classname="Netmeds_Test.Netmeds_Test_1" name="Wellness_Eyewear" time="5.171"/>
  <testcase classname="Netmeds_Test.Netmeds_Test_1" name="Wellness_Fitness" time="9.257"/>
  <testcase classname="Netmeds_Test.Netmeds_Test_1" name="Wellness_Health_Conditions" time="7.386"/>
  <testcase classname="Netmeds_Test.Netmeds_Test_1" name="Navigation_Section" time="0.063"/>
  <testcase classname="Netmeds_Test.Netmeds_Test_1" name="COVID_Essentials" time="6.389"/>
  <testcase classname="Netmeds_Test.Netmeds_Test_1" name="Diabetes" time="6.142"/>
  <testcase classname="Netmeds_Test.Netmeds_Test_1" name="Veterinary" time="6.498"/>
  <testcase classname="Netmeds_Test.Netmeds_Test_1" name="Devices" time="5.841"/>
  <testcase classname="Netmeds_Test.Netmeds_Test_1" name="Homeopathy" time="6.107"/>
  <testcase classname="Netmeds_Test.Netmeds_Test_1" name="Next_Slider_Ad" time="0.113"/>
  <testcase classname="Netmeds_Test.Netmeds_Test_1" name="Previous_Slider_Ad" time="2.143"/>
  <testcase classname="Netmeds_Test.Netmeds_Test_1" name="Payment_Partner_Offers" time="2.056"/>
  <testcase classname="Netmeds_Test.Netmeds_Test_1" name="Netmeds_Stores" time="5.862"/>
  <testcase classname="Netmeds_Test.Netmeds_Test_1" name="Stores_Map" time="2.045"/>
  <testcase classname="Netmeds_Test.Netmeds_Test_1" name="Change_Pincode" time="2.122"/>
  <testcase classname="Netmeds_Test.Netmeds_Test_1" name="Location_Info" time="0.046"/>
  <testcase classname="Netmeds_Test.Netmeds_Test_1" name="Stores_Count" time="0.017"/>
  <testcase classname="Netmeds_Test.Netmeds_Test_1" name="Stores_List" time="0.032"/>
  <testcase classname="Netmeds_Test.Netmeds_Test_1" name="Bottom_Footer" time="0.029"/>
  <testcase classname="Netmeds_Test.Netmeds_Test_2" name="Lab_Tests" time="3.108"/>
  <testcase classname="Netmeds_Test.Netmeds_Test_2" name="Health_packages" time="4.543"/>
  <testcase classname="Netmeds_Test.Netmeds_Test_2" name="Beauty_Fragrances" time="6.306"/>
  <testcase classname="Netmeds_Test.Netmeds_Test_2" name="Beauty_Hair" time="6.378"/>
  <testcase classname="Netmeds_Test.Netmeds_Test_2" name="Beauty_Makeup" time="6.146"/>
  <testcase classname="Netmeds_Test.Netmeds_Test_2" name="Beauty_MomBaby" time="6.29"/>
  <testcase classname="Netmeds_Test.Netmeds_Test_2" name="Beauty_PersonalCare" time="7.425"/>
  <testcase classname="Netmeds_Test.Netmeds_Test_2" name="Beauty_SkinCare" time="5.337"/>
  <testcase classname="Netmeds_Test.Netmeds_Test_2" name="Beauty_Tools" time="6.843"/>
  <testcase classname="Netmeds_Test.Netmeds_Test_2" name="Health_Corner_HealthLibrary" time="5.148"/>
  <testcase classname="Netmeds_Test.Netmeds_Test_2" name="Health_Library" time="0.041"/>
  <testcase classname="Netmeds_Test.Netmeds_Test_2" name="Patients_alike" time="2.393"/>
  <testcase classname="Netmeds_Test.Netmeds_Test_2" name="CoronaAwarenes" time="2.361"/>
  <testcase classname="Netmeds_Test.Netmeds_Test_2" name="Offers" time="0.797"/>
  <testcase classname="Netmeds_Test.Netmeds_Test_2" name="Select_Offer" time="3.467"/>
  <testcase classname="Netmeds_Test.Netmeds_Test_2" name="View_Offer" time="0.112"/>
  <testcase classname="Netmeds_Test.Netmeds_Test_2" name="Count_Offers" time="2.787"/>
  <testcase classname="Netmeds_Test.Netmeds_Test_2" name="Add_to_Cart" time="3.931"/>
  <testcase classname="Netmeds_Test.Netmeds_Test_2" name="Count_Items" time="2.034"/>
  <testcase classname="Netmeds_Test.Netmeds_Test_2" name="Item_Info" time="2.046"/>
  <testcase classname="Netmeds_Test.Netmeds_Test_2" name="Add_Item" time="2.876"/>
  <testcase classname="Netmeds_Test.Netmeds_Test_2" name="Order_Count" time="0.693"/>
  <testcase classname="Netmeds_Test.Netmeds_Test_2" name="Order_Summary" time="0.029"/>
  <testcase classname="Netmeds_Test.Netmeds_Test_2" name="Cart" time="5.234"/>
  <testcase classname="Netmeds_Test.Netmeds_Test_2" name="Cart_Product" time="0.054"/>
  <testcase classname="Netmeds_Test.Netmeds_Test_2" name="Apply_PromoCode" time="0.057"/>
  <testcase classname="Netmeds_Test.Netmeds_Test_2" name="Coupon_List" time="0.04"/>
  <testcase classname="Netmeds_Test.Netmeds_Test_2" name="Sel_Coupon" time="0.045"/>
  <testcase classname="Netmeds_Test.Netmeds_Test_2" name="Payment_Details" time="0.069"/>
  <testcase classname="Netmeds_Test.Netmeds_Test_2" name="Proceed" time="0.139"/>
  <testcase classname="Netmeds_Test.Netmeds_Test_2" name="Delivery_Status" time="2.056"/>
  <testcase classname="Netmeds_Test.Netmeds_Test_2" name="Remove_Product" time="3.169"/>
</testsuite> <!-- Test -->
