<?xml version="1.0" encoding="UTF-8"?>
<!-- Generated by org.testng.reporters.JUnitXMLReporter -->
<testsuite ignored="0" hostname="BINTERNS-QA31L" failures="0" tests="34" name="Default test" time="98.261" errors="0" timestamp="2023-05-09T12:51:29 IST">
  <testcase classname="Netmeds_Test.Netmeds_Test_2" name="Lab_Tests" time="3.159"/>
  <testcase classname="Netmeds_Test.Netmeds_Test_2" name="Health_packages1" time="4.265"/>
  <testcase classname="Netmeds_Test.Netmeds_Test_2" name="Health_packages2" time="2.123"/>
  <testcase classname="Netmeds_Test.Netmeds_Test_2" name="Health_packages3" time="2.227"/>
  <testcase classname="Netmeds_Test.Netmeds_Test_2" name="Beauty_Fragrances" time="6.407"/>
  <testcase classname="Netmeds_Test.Netmeds_Test_2" name="Beauty_Hair" time="5.843"/>
  <testcase classname="Netmeds_Test.Netmeds_Test_2" name="Beauty_Makeup" time="5.57"/>
  <testcase classname="Netmeds_Test.Netmeds_Test_2" name="Beauty_MomBaby" time="5.999"/>
  <testcase classname="Netmeds_Test.Netmeds_Test_2" name="Beauty_PersonalCare" time="6.116"/>
  <testcase classname="Netmeds_Test.Netmeds_Test_2" name="Beauty_SkinCare" time="6.338"/>
  <testcase classname="Netmeds_Test.Netmeds_Test_2" name="Beauty_Tools" time="6.202"/>
  <testcase classname="Netmeds_Test.Netmeds_Test_2" name="Health_Corner_HealthLibrary" time="4.439"/>
  <testcase classname="Netmeds_Test.Netmeds_Test_2" name="Health_Library" time="0.049"/>
  <testcase classname="Netmeds_Test.Netmeds_Test_2" name="Patients_alike" time="2.402"/>
  <testcase classname="Netmeds_Test.Netmeds_Test_2" name="CoronaAwarenes" time="1.306"/>
  <testcase classname="Netmeds_Test.Netmeds_Test_2" name="Offers" time="0.605"/>
  <testcase classname="Netmeds_Test.Netmeds_Test_2" name="Select_Offer" time="3.015"/>
  <testcase classname="Netmeds_Test.Netmeds_Test_2" name="View_Offer" time="0.133"/>
  <testcase classname="Netmeds_Test.Netmeds_Test_2" name="Count_Offers" time="3.123"/>
  <testcase classname="Netmeds_Test.Netmeds_Test_2" name="Add_to_Cart" time="2.674"/>
  <testcase classname="Netmeds_Test.Netmeds_Test_2" name="Count_Items" time="2.027"/>
  <testcase classname="Netmeds_Test.Netmeds_Test_2" name="Item_Info" time="2.056"/>
  <testcase classname="Netmeds_Test.Netmeds_Test_2" name="Add_Item" time="2.936"/>
  <testcase classname="Netmeds_Test.Netmeds_Test_2" name="Order_Count" time="0.603"/>
  <testcase classname="Netmeds_Test.Netmeds_Test_2" name="Order_Summary" time="0.033"/>
  <testcase classname="Netmeds_Test.Netmeds_Test_2" name="Cart" time="3.934"/>
  <testcase classname="Netmeds_Test.Netmeds_Test_2" name="Cart_Product" time="0.065"/>
  <testcase classname="Netmeds_Test.Netmeds_Test_2" name="Apply_PromoCode" time="0.071"/>
  <testcase classname="Netmeds_Test.Netmeds_Test_2" name="Coupon_List" time="0.049"/>
  <testcase classname="Netmeds_Test.Netmeds_Test_2" name="Sel_Coupon" time="0.057"/>
  <testcase classname="Netmeds_Test.Netmeds_Test_2" name="Payment_Details" time="0.068"/>
  <testcase classname="Netmeds_Test.Netmeds_Test_2" name="Proceed" time="0.15"/>
  <testcase classname="Netmeds_Test.Netmeds_Test_2" name="Delivery_Status" time="2.068"/>
  <testcase classname="Netmeds_Test.Netmeds_Test_2" name="Remove_Product" time="3.173"/>
</testsuite> <!-- Default test -->
