<?xml version="1.0" encoding="UTF-8"?>
<testng-results ignored="0" total="34" passed="34" failed="0" skipped="0">
  <reporter-output>
  </reporter-output>
  <suite started-at="2023-05-09T12:49:50 IST" name="Default suite" finished-at="2023-05-09T12:51:29 IST" duration-ms="98261">
    <groups>
    </groups>
    <test started-at="2023-05-09T12:49:50 IST" name="Default test" finished-at="2023-05-09T12:51:29 IST" duration-ms="98261">
      <class name="Netmeds_Test.Netmeds_Test_2">
        <test-method is-config="true" signature="x()[pri:0, instance:Netmeds_Test.Netmeds_Test_2@79e4c792]" started-at="2023-05-09T12:49:50 IST" name="x" finished-at="2023-05-09T12:49:50 IST" duration-ms="133" status="PASS">
          <reporter-output>
          </reporter-output>
        </test-method> <!-- x -->
        <test-method is-config="true" signature="launchWebsite()[pri:0, instance:Netmeds_Test.Netmeds_Test_2@79e4c792]" started-at="2023-05-09T12:49:50 IST" name="launchWebsite" finished-at="2023-05-09T12:49:59 IST" duration-ms="8254" status="PASS">
          <reporter-output>
          </reporter-output>
        </test-method> <!-- launchWebsite -->
        <test-method signature="Lab_Tests()[pri:1, instance:Netmeds_Test.Netmeds_Test_2@79e4c792]" started-at="2023-05-09T12:49:59 IST" name="Lab_Tests" finished-at="2023-05-09T12:50:02 IST" duration-ms="3159" status="PASS">
          <reporter-output>
          </reporter-output>
        </test-method> <!-- Lab_Tests -->
        <test-method signature="Health_packages1()[pri:2, instance:Netmeds_Test.Netmeds_Test_2@79e4c792]" started-at="2023-05-09T12:50:02 IST" name="Health_packages1" finished-at="2023-05-09T12:50:06 IST" depends-on-methods="Netmeds_Test.Netmeds_Test_2.Lab_Tests" duration-ms="4265" status="PASS">
          <reporter-output>
          </reporter-output>
        </test-method> <!-- Health_packages1 -->
        <test-method signature="Health_packages2()[pri:2, instance:Netmeds_Test.Netmeds_Test_2@79e4c792]" started-at="2023-05-09T12:50:06 IST" name="Health_packages2" finished-at="2023-05-09T12:50:08 IST" depends-on-methods="Netmeds_Test.Netmeds_Test_2.Health_packages1" duration-ms="2123" status="PASS">
          <reporter-output>
          </reporter-output>
        </test-method> <!-- Health_packages2 -->
        <test-method signature="Health_packages3()[pri:2, instance:Netmeds_Test.Netmeds_Test_2@79e4c792]" started-at="2023-05-09T12:50:08 IST" name="Health_packages3" finished-at="2023-05-09T12:50:10 IST" depends-on-methods="Netmeds_Test.Netmeds_Test_2.Health_packages2" duration-ms="2227" status="PASS">
          <reporter-output>
          </reporter-output>
        </test-method> <!-- Health_packages3 -->
        <test-method signature="Beauty_Fragrances()[pri:3, instance:Netmeds_Test.Netmeds_Test_2@79e4c792]" started-at="2023-05-09T12:50:10 IST" name="Beauty_Fragrances" finished-at="2023-05-09T12:50:17 IST" duration-ms="6407" status="PASS">
          <reporter-output>
          </reporter-output>
        </test-method> <!-- Beauty_Fragrances -->
        <test-method signature="Beauty_Hair()[pri:4, instance:Netmeds_Test.Netmeds_Test_2@79e4c792]" started-at="2023-05-09T12:50:17 IST" name="Beauty_Hair" finished-at="2023-05-09T12:50:23 IST" duration-ms="5843" status="PASS">
          <reporter-output>
          </reporter-output>
        </test-method> <!-- Beauty_Hair -->
        <test-method signature="Beauty_Makeup()[pri:5, instance:Netmeds_Test.Netmeds_Test_2@79e4c792]" started-at="2023-05-09T12:50:23 IST" name="Beauty_Makeup" finished-at="2023-05-09T12:50:28 IST" duration-ms="5570" status="PASS">
          <reporter-output>
          </reporter-output>
        </test-method> <!-- Beauty_Makeup -->
        <test-method signature="Beauty_MomBaby()[pri:6, instance:Netmeds_Test.Netmeds_Test_2@79e4c792]" started-at="2023-05-09T12:50:28 IST" name="Beauty_MomBaby" finished-at="2023-05-09T12:50:34 IST" duration-ms="5999" status="PASS">
          <reporter-output>
          </reporter-output>
        </test-method> <!-- Beauty_MomBaby -->
        <test-method signature="Beauty_PersonalCare()[pri:7, instance:Netmeds_Test.Netmeds_Test_2@79e4c792]" started-at="2023-05-09T12:50:34 IST" name="Beauty_PersonalCare" finished-at="2023-05-09T12:50:40 IST" duration-ms="6116" status="PASS">
          <reporter-output>
          </reporter-output>
        </test-method> <!-- Beauty_PersonalCare -->
        <test-method signature="Beauty_SkinCare()[pri:8, instance:Netmeds_Test.Netmeds_Test_2@79e4c792]" started-at="2023-05-09T12:50:40 IST" name="Beauty_SkinCare" finished-at="2023-05-09T12:50:47 IST" duration-ms="6338" status="PASS">
          <reporter-output>
          </reporter-output>
        </test-method> <!-- Beauty_SkinCare -->
        <test-method signature="Beauty_Tools()[pri:9, instance:Netmeds_Test.Netmeds_Test_2@79e4c792]" started-at="2023-05-09T12:50:47 IST" name="Beauty_Tools" finished-at="2023-05-09T12:50:53 IST" duration-ms="6202" status="PASS">
          <reporter-output>
          </reporter-output>
        </test-method> <!-- Beauty_Tools -->
        <test-method signature="Health_Corner_HealthLibrary()[pri:10, instance:Netmeds_Test.Netmeds_Test_2@79e4c792]" started-at="2023-05-09T12:50:53 IST" name="Health_Corner_HealthLibrary" finished-at="2023-05-09T12:50:57 IST" duration-ms="4439" status="PASS">
          <reporter-output>
          </reporter-output>
        </test-method> <!-- Health_Corner_HealthLibrary -->
        <test-method signature="Health_Library()[pri:11, instance:Netmeds_Test.Netmeds_Test_2@79e4c792]" started-at="2023-05-09T12:50:57 IST" name="Health_Library" finished-at="2023-05-09T12:50:57 IST" depends-on-methods="Netmeds_Test.Netmeds_Test_2.Health_Corner_HealthLibrary" duration-ms="49" status="PASS">
          <reporter-output>
          </reporter-output>
        </test-method> <!-- Health_Library -->
        <test-method signature="Patients_alike()[pri:12, instance:Netmeds_Test.Netmeds_Test_2@79e4c792]" started-at="2023-05-09T12:50:57 IST" name="Patients_alike" finished-at="2023-05-09T12:51:00 IST" duration-ms="2402" status="PASS">
          <reporter-output>
          </reporter-output>
        </test-method> <!-- Patients_alike -->
        <test-method signature="CoronaAwarenes()[pri:13, instance:Netmeds_Test.Netmeds_Test_2@79e4c792]" started-at="2023-05-09T12:51:00 IST" name="CoronaAwarenes" finished-at="2023-05-09T12:51:01 IST" depends-on-methods="Netmeds_Test.Netmeds_Test_2.Patients_alike" duration-ms="1306" status="PASS">
          <reporter-output>
          </reporter-output>
        </test-method> <!-- CoronaAwarenes -->
        <test-method signature="Offers()[pri:14, instance:Netmeds_Test.Netmeds_Test_2@79e4c792]" started-at="2023-05-09T12:51:01 IST" name="Offers" finished-at="2023-05-09T12:51:02 IST" duration-ms="605" status="PASS">
          <reporter-output>
          </reporter-output>
        </test-method> <!-- Offers -->
        <test-method signature="Select_Offer()[pri:15, instance:Netmeds_Test.Netmeds_Test_2@79e4c792]" started-at="2023-05-09T12:51:02 IST" name="Select_Offer" finished-at="2023-05-09T12:51:05 IST" depends-on-methods="Netmeds_Test.Netmeds_Test_2.Offers" duration-ms="3015" status="PASS">
          <reporter-output>
          </reporter-output>
        </test-method> <!-- Select_Offer -->
        <test-method signature="View_Offer()[pri:16, instance:Netmeds_Test.Netmeds_Test_2@79e4c792]" started-at="2023-05-09T12:51:05 IST" name="View_Offer" finished-at="2023-05-09T12:51:05 IST" depends-on-methods="Netmeds_Test.Netmeds_Test_2.Select_Offer" duration-ms="133" status="PASS">
          <reporter-output>
          </reporter-output>
        </test-method> <!-- View_Offer -->
        <test-method signature="Count_Offers()[pri:17, instance:Netmeds_Test.Netmeds_Test_2@79e4c792]" started-at="2023-05-09T12:51:05 IST" name="Count_Offers" finished-at="2023-05-09T12:51:08 IST" depends-on-methods="Netmeds_Test.Netmeds_Test_2.View_Offer" duration-ms="3123" status="PASS">
          <reporter-output>
          </reporter-output>
        </test-method> <!-- Count_Offers -->
        <test-method signature="Add_to_Cart()[pri:18, instance:Netmeds_Test.Netmeds_Test_2@79e4c792]" started-at="2023-05-09T12:51:08 IST" name="Add_to_Cart" finished-at="2023-05-09T12:51:11 IST" duration-ms="2674" status="PASS">
          <reporter-output>
          </reporter-output>
        </test-method> <!-- Add_to_Cart -->
        <test-method signature="Count_Items()[pri:19, instance:Netmeds_Test.Netmeds_Test_2@79e4c792]" started-at="2023-05-09T12:51:11 IST" name="Count_Items" finished-at="2023-05-09T12:51:13 IST" depends-on-methods="Netmeds_Test.Netmeds_Test_2.Add_to_Cart" duration-ms="2027" status="PASS">
          <reporter-output>
          </reporter-output>
        </test-method> <!-- Count_Items -->
        <test-method signature="Item_Info()[pri:20, instance:Netmeds_Test.Netmeds_Test_2@79e4c792]" started-at="2023-05-09T12:51:13 IST" name="Item_Info" finished-at="2023-05-09T12:51:15 IST" depends-on-methods="Netmeds_Test.Netmeds_Test_2.Count_Items" duration-ms="2056" status="PASS">
          <reporter-output>
          </reporter-output>
        </test-method> <!-- Item_Info -->
        <test-method signature="Add_Item()[pri:21, instance:Netmeds_Test.Netmeds_Test_2@79e4c792]" started-at="2023-05-09T12:51:15 IST" name="Add_Item" finished-at="2023-05-09T12:51:18 IST" depends-on-methods="Netmeds_Test.Netmeds_Test_2.Item_Info" duration-ms="2936" status="PASS">
          <reporter-output>
          </reporter-output>
        </test-method> <!-- Add_Item -->
        <test-method signature="Order_Count()[pri:22, instance:Netmeds_Test.Netmeds_Test_2@79e4c792]" started-at="2023-05-09T12:51:18 IST" name="Order_Count" finished-at="2023-05-09T12:51:18 IST" depends-on-methods="Netmeds_Test.Netmeds_Test_2.Add_Item" duration-ms="603" status="PASS">
          <reporter-output>
          </reporter-output>
        </test-method> <!-- Order_Count -->
        <test-method signature="Order_Summary()[pri:23, instance:Netmeds_Test.Netmeds_Test_2@79e4c792]" started-at="2023-05-09T12:51:18 IST" name="Order_Summary" finished-at="2023-05-09T12:51:18 IST" depends-on-methods="Netmeds_Test.Netmeds_Test_2.Order_Count" duration-ms="33" status="PASS">
          <reporter-output>
          </reporter-output>
        </test-method> <!-- Order_Summary -->
        <test-method signature="Cart()[pri:24, instance:Netmeds_Test.Netmeds_Test_2@79e4c792]" started-at="2023-05-09T12:51:18 IST" name="Cart" finished-at="2023-05-09T12:51:22 IST" duration-ms="3934" status="PASS">
          <reporter-output>
          </reporter-output>
        </test-method> <!-- Cart -->
        <test-method signature="Cart_Product()[pri:25, instance:Netmeds_Test.Netmeds_Test_2@79e4c792]" started-at="2023-05-09T12:51:22 IST" name="Cart_Product" finished-at="2023-05-09T12:51:22 IST" depends-on-methods="Netmeds_Test.Netmeds_Test_2.Cart" duration-ms="65" status="PASS">
          <reporter-output>
          </reporter-output>
        </test-method> <!-- Cart_Product -->
        <test-method signature="Apply_PromoCode()[pri:26, instance:Netmeds_Test.Netmeds_Test_2@79e4c792]" started-at="2023-05-09T12:51:22 IST" name="Apply_PromoCode" finished-at="2023-05-09T12:51:22 IST" depends-on-methods="Netmeds_Test.Netmeds_Test_2.Cart" duration-ms="71" status="PASS">
          <reporter-output>
          </reporter-output>
        </test-method> <!-- Apply_PromoCode -->
        <test-method signature="Coupon_List()[pri:27, instance:Netmeds_Test.Netmeds_Test_2@79e4c792]" started-at="2023-05-09T12:51:22 IST" name="Coupon_List" finished-at="2023-05-09T12:51:22 IST" depends-on-methods="Netmeds_Test.Netmeds_Test_2.Apply_PromoCode" duration-ms="49" status="PASS">
          <reporter-output>
          </reporter-output>
        </test-method> <!-- Coupon_List -->
        <test-method signature="Sel_Coupon()[pri:28, instance:Netmeds_Test.Netmeds_Test_2@79e4c792]" started-at="2023-05-09T12:51:23 IST" name="Sel_Coupon" finished-at="2023-05-09T12:51:23 IST" depends-on-methods="Netmeds_Test.Netmeds_Test_2.Apply_PromoCode" duration-ms="57" status="PASS">
          <reporter-output>
          </reporter-output>
        </test-method> <!-- Sel_Coupon -->
        <test-method signature="Payment_Details()[pri:29, instance:Netmeds_Test.Netmeds_Test_2@79e4c792]" started-at="2023-05-09T12:51:23 IST" name="Payment_Details" finished-at="2023-05-09T12:51:23 IST" depends-on-methods="Netmeds_Test.Netmeds_Test_2.Sel_Coupon" duration-ms="68" status="PASS">
          <reporter-output>
          </reporter-output>
        </test-method> <!-- Payment_Details -->
        <test-method signature="Proceed()[pri:30, instance:Netmeds_Test.Netmeds_Test_2@79e4c792]" started-at="2023-05-09T12:51:23 IST" name="Proceed" finished-at="2023-05-09T12:51:23 IST" depends-on-methods="Netmeds_Test.Netmeds_Test_2.Payment_Details" duration-ms="150" status="PASS">
          <reporter-output>
          </reporter-output>
        </test-method> <!-- Proceed -->
        <test-method signature="Delivery_Status()[pri:31, instance:Netmeds_Test.Netmeds_Test_2@79e4c792]" started-at="2023-05-09T12:51:23 IST" name="Delivery_Status" finished-at="2023-05-09T12:51:25 IST" depends-on-methods="Netmeds_Test.Netmeds_Test_2.Proceed" duration-ms="2068" status="PASS">
          <reporter-output>
          </reporter-output>
        </test-method> <!-- Delivery_Status -->
        <test-method signature="Remove_Product()[pri:32, instance:Netmeds_Test.Netmeds_Test_2@79e4c792]" started-at="2023-05-09T12:51:25 IST" name="Remove_Product" finished-at="2023-05-09T12:51:28 IST" depends-on-methods="Netmeds_Test.Netmeds_Test_2.Cart_Product" duration-ms="3173" status="PASS">
          <reporter-output>
          </reporter-output>
        </test-method> <!-- Remove_Product -->
        <test-method is-config="true" signature="terminate()[pri:0, instance:Netmeds_Test.Netmeds_Test_2@79e4c792]" started-at="2023-05-09T12:51:28 IST" name="terminate" finished-at="2023-05-09T12:51:28 IST" duration-ms="374" status="PASS">
          <reporter-output>
          </reporter-output>
        </test-method> <!-- terminate -->
        <test-method is-config="true" signature="y()[pri:0, instance:Netmeds_Test.Netmeds_Test_2@79e4c792]" started-at="2023-05-09T12:51:28 IST" name="y" finished-at="2023-05-09T12:51:29 IST" duration-ms="135" status="PASS">
          <reporter-output>
          </reporter-output>
        </test-method> <!-- y -->
      </class> <!-- Netmeds_Test.Netmeds_Test_2 -->
    </test> <!-- Default test -->
  </suite> <!-- Default suite -->
</testng-results>
